<?xml version="1.0" encoding="UTF-8"?>
<testsuite xmlns:xsi="http://www.w3.org/2001/XMLSchema-instance" xsi:noNamespaceSchemaLocation="https://maven.apache.org/surefire/maven-surefire-plugin/xsd/surefire-test-report-3.0.xsd" version="3.0" name="WorkflowTest" time="0.107" tests="16" errors="0" skipped="0" failures="0">
  <properties>
[...]
</properties>
  <testcase name="testInitialStateDraft" classname="WorkflowTest" time="0.027"/>
  <testcase name="testDocumentIdAssigned" classname="WorkflowTest" time="0.001"/>
  <testcase name="testFullApprovalFlow" classname="WorkflowTest" time="0.002"/>
  <testcase name="testRejectionFromUnderReview" classname="WorkflowTest" time="0.003"/>
  <testcase name="testRejectionCommentStored" classname="WorkflowTest" time="0.002"/>
  <testcase name="testRejectedReopened" classname="WorkflowTest" time="0.002"/>
  <testcase name="testRejectionFromSubmitted" classname="WorkflowTest" time="0.001"/>
  <testcase name="testCannotApproveFromDraft" classname="WorkflowTest" time="0.005"/>
  <testcase name="testCannotFinalizeFromSubmitted" classname="WorkflowTest" time="0.002"/>
  <testcase name="testCannotSubmitFromFinalized" classname="WorkflowTest" time="0.002"/>
  <testcase name="testCannotApproveFromSubmitted" classname="WorkflowTest" time="0.003"/>
  <testcase name="testCannotReopenFromApproved" classname="WorkflowTest" time="0.001"/>
  <testcase name="testCannotReviewFromDraft" classname="WorkflowTest" time="0.001"/>
  <testcase name="testNoTransitionsFromFinalized" classname="WorkflowTest" time="0.001"/>
  <testcase name="testResubmissionAfterRejection" classname="WorkflowTest" time="0.001"/>
  <testcase name="testMultipleDocumentsIndependent" classname="WorkflowTest" time="0.001"/>
</testsuite>